Build started 27/05/2015 7:32:18 PM.
     1>Project "C:\Users\Anthony\Documents\Visual Studio 2013\Projects\Stellar\Stellar\Stellar\Stellar.vcxproj" on node 2 (Build target(s)).
     1>ClCompile:
         C:\Program Files (x86)\Microsoft Visual Studio 12.0\VC\bin\CL.exe /c /I"C:\Program Files (x86)\SFML-2.1\include" /Zi /nologo /W3 /WX- /O2 /Oi /Oy- /GL /D WIN32 /D NDEBUG /D _WINDOWS /D _UNICODE /D UNICODE /Gm- /EHsc /MD /GS /Gy /fp:precise /Zc:wchar_t /Zc:forScope /Fo"Release\\" /Fd"Release\vc120.pdb" /Gd /TP /analyze- /errorReport:prompt DrawableEntity.cpp Entity.cpp GenShip.cpp GenWeapon.cpp main.cpp
         DrawableEntity.cpp
         Entity.cpp
         GenShip.cpp
     1>GenShip.cpp(14): error C2988: unrecognizable template declaration/definition
     1>GenShip.cpp(14): error C2059: syntax error : '<'
     1>GenShip.cpp(20): error C2039: 'SetParam' : is not a member of '`global namespace''
     1>GenShip.cpp(21): error C2143: syntax error : missing ';' before '{'
     1>GenShip.cpp(21): error C2447: '{' : missing function header (old-style formal list?)
         GenWeapon.cpp
     1>GenWeapon.cpp(15): error C2988: unrecognizable template declaration/definition
     1>GenWeapon.cpp(15): error C2059: syntax error : '<'
     1>GenWeapon.cpp(22): error C2039: 'SetParam' : is not a member of '`global namespace''
     1>GenWeapon.cpp(23): error C2143: syntax error : missing ';' before '{'
     1>GenWeapon.cpp(23): error C2447: '{' : missing function header (old-style formal list?)
     1>GenWeapon.cpp(33): error C2065: 'velocities' : undeclared identifier
     1>GenWeapon.cpp(34): error C2065: 'velocities' : undeclared identifier
     1>GenWeapon.cpp(36): error C2065: 'velocities' : undeclared identifier
         main.cpp
     1>Done Building Project "C:\Users\Anthony\Documents\Visual Studio 2013\Projects\Stellar\Stellar\Stellar\Stellar.vcxproj" (Build target(s)) -- FAILED.

Build FAILED.

Time Elapsed 00:00:05.42
